<?xml version="1.0" encoding="UTF-8"?>
<testng-results ignored="0" total="2" passed="2" failed="0" skipped="0">
  <reporter-output>
  </reporter-output>
  <suite started-at="2022-04-28T22:50:19 EDT" name="Default suite" finished-at="2022-04-28T22:50:19 EDT" duration-ms="32">
    <groups>
    </groups>
    <test started-at="2022-04-28T22:50:19 EDT" name="Default test" finished-at="2022-04-28T22:50:19 EDT" duration-ms="32">
      <class name="selenium.Testing1">
        <test-method is-config="true" signature="beforeSuite()[pri:0, instance:selenium.Testing1@759d26fb]" started-at="2022-04-28T22:50:19 EDT" name="beforeSuite" finished-at="2022-04-28T22:50:19 EDT" duration-ms="5" status="PASS">
          <reporter-output>
          </reporter-output>
        </test-method> <!-- beforeSuite -->
        <test-method is-config="true" signature="beforeTest()[pri:0, instance:selenium.Testing1@759d26fb]" started-at="2022-04-28T22:50:19 EDT" name="beforeTest" finished-at="2022-04-28T22:50:19 EDT" duration-ms="0" status="PASS">
          <reporter-output>
          </reporter-output>
        </test-method> <!-- beforeTest -->
        <test-method is-config="true" signature="beforeClass()[pri:0, instance:selenium.Testing1@759d26fb]" started-at="2022-04-28T22:50:19 EDT" name="beforeClass" finished-at="2022-04-28T22:50:19 EDT" duration-ms="1" status="PASS">
          <reporter-output>
          </reporter-output>
        </test-method> <!-- beforeClass -->
        <test-method is-config="true" signature="beforeMethod()[pri:0, instance:selenium.Testing1@759d26fb]" started-at="2022-04-28T22:50:19 EDT" name="beforeMethod" finished-at="2022-04-28T22:50:19 EDT" duration-ms="0" status="PASS">
          <reporter-output>
          </reporter-output>
        </test-method> <!-- beforeMethod -->
        <test-method signature="f(java.lang.Integer,java.lang.String)[pri:0, instance:selenium.Testing1@759d26fb]" started-at="2022-04-28T22:50:19 EDT" name="f" data-provider="dp" finished-at="2022-04-28T22:50:19 EDT" duration-ms="6" status="PASS">
          <params>
            <param index="0">
              <value>
                <![CDATA[1]]>
              </value>
            </param>
            <param index="1">
              <value>
                <![CDATA[a]]>
              </value>
            </param>
          </params>
          <reporter-output>
          </reporter-output>
        </test-method> <!-- f -->
        <test-method signature="f(java.lang.Integer,java.lang.String)[pri:0, instance:selenium.Testing1@759d26fb]" started-at="2022-04-28T22:50:19 EDT" name="f" data-provider="dp" finished-at="2022-04-28T22:50:19 EDT" duration-ms="1" status="PASS">
          <params>
            <param index="0">
              <value>
                <![CDATA[2]]>
              </value>
            </param>
            <param index="1">
              <value>
                <![CDATA[b]]>
              </value>
            </param>
          </params>
          <reporter-output>
          </reporter-output>
        </test-method> <!-- f -->
        <test-method is-config="true" signature="beforeMethod()[pri:0, instance:selenium.Testing1@759d26fb]" started-at="2022-04-28T22:50:19 EDT" name="beforeMethod" finished-at="2022-04-28T22:50:19 EDT" duration-ms="0" status="PASS">
          <reporter-output>
          </reporter-output>
        </test-method> <!-- beforeMethod -->
        <test-method is-config="true" signature="afterMethod()[pri:0, instance:selenium.Testing1@759d26fb]" started-at="2022-04-28T22:50:19 EDT" name="afterMethod" finished-at="2022-04-28T22:50:19 EDT" duration-ms="0" status="PASS">
          <reporter-output>
          </reporter-output>
        </test-method> <!-- afterMethod -->
        <test-method is-config="true" signature="afterMethod()[pri:0, instance:selenium.Testing1@759d26fb]" started-at="2022-04-28T22:50:19 EDT" name="afterMethod" finished-at="2022-04-28T22:50:19 EDT" duration-ms="0" status="PASS">
          <reporter-output>
          </reporter-output>
        </test-method> <!-- afterMethod -->
        <test-method is-config="true" signature="afterClass()[pri:0, instance:selenium.Testing1@759d26fb]" started-at="2022-04-28T22:50:19 EDT" name="afterClass" finished-at="2022-04-28T22:50:19 EDT" duration-ms="0" status="PASS">
          <reporter-output>
          </reporter-output>
        </test-method> <!-- afterClass -->
        <test-method is-config="true" signature="afterTest()[pri:0, instance:selenium.Testing1@759d26fb]" started-at="2022-04-28T22:50:19 EDT" name="afterTest" finished-at="2022-04-28T22:50:19 EDT" duration-ms="0" status="PASS">
          <reporter-output>
          </reporter-output>
        </test-method> <!-- afterTest -->
        <test-method is-config="true" signature="afterSuite()[pri:0, instance:selenium.Testing1@759d26fb]" started-at="2022-04-28T22:50:19 EDT" name="afterSuite" finished-at="2022-04-28T22:50:19 EDT" duration-ms="0" status="PASS">
          <reporter-output>
          </reporter-output>
        </test-method> <!-- afterSuite -->
      </class> <!-- selenium.Testing1 -->
    </test> <!-- Default test -->
  </suite> <!-- Default suite -->
</testng-results>
