<?xml version="1.0" encoding="UTF-8"?>
<testng-results ignored="0" total="6" passed="6" failed="0" skipped="0">
  <reporter-output>
  </reporter-output>
  <suite started-at="2022-06-06T19:10:38 EDT" name="Suite" finished-at="2022-06-06T19:11:01 EDT" duration-ms="22515">
    <groups>
    </groups>
    <test started-at="2022-06-06T19:10:38 EDT" name="Test" finished-at="2022-06-06T19:11:00 EDT" duration-ms="21655">
      <class name="parallel.ParallelBrowser.Amazon">
        <test-method is-config="true" signature="initialisation(java.lang.String)[pri:0, instance:parallel.ParallelBrowser.Amazon@48f278eb]" started-at="2022-06-06T19:10:48 EDT" name="initialisation" finished-at="2022-06-06T19:10:50 EDT" duration-ms="1728" status="PASS">
          <params>
            <param index="0">
              <value>
                <![CDATA[Chrome]]>
              </value>
            </param>
          </params>
          <reporter-output>
          </reporter-output>
        </test-method> <!-- initialisation -->
        <test-method signature="openAmazon()[pri:0, instance:parallel.ParallelBrowser.Amazon@48f278eb]" started-at="2022-06-06T19:10:50 EDT" name="openAmazon" finished-at="2022-06-06T19:10:52 EDT" duration-ms="2089" status="PASS">
          <reporter-output>
          </reporter-output>
        </test-method> <!-- openAmazon -->
        <test-method is-config="true" signature="tearDown()[pri:0, instance:parallel.ParallelBrowser.Amazon@48f278eb]" started-at="2022-06-06T19:10:52 EDT" name="tearDown" finished-at="2022-06-06T19:10:56 EDT" duration-ms="4220" status="PASS">
          <reporter-output>
          </reporter-output>
        </test-method> <!-- tearDown -->
      </class> <!-- parallel.ParallelBrowser.Amazon -->
      <class name="parallel.ParallelBrowser.Facebook">
        <test-method is-config="true" signature="initialisation(java.lang.String)[pri:0, instance:parallel.ParallelBrowser.Facebook@10feca44]" started-at="2022-06-06T19:10:38 EDT" name="initialisation" finished-at="2022-06-06T19:10:43 EDT" duration-ms="4542" status="PASS">
          <params>
            <param index="0">
              <value>
                <![CDATA[Chrome]]>
              </value>
            </param>
          </params>
          <reporter-output>
          </reporter-output>
        </test-method> <!-- initialisation -->
        <test-method signature="openFacebook()[pri:0, instance:parallel.ParallelBrowser.Facebook@10feca44]" started-at="2022-06-06T19:10:43 EDT" name="openFacebook" finished-at="2022-06-06T19:10:44 EDT" duration-ms="1005" status="PASS">
          <reporter-output>
          </reporter-output>
        </test-method> <!-- openFacebook -->
        <test-method is-config="true" signature="tearDown()[pri:0, instance:parallel.ParallelBrowser.Facebook@10feca44]" started-at="2022-06-06T19:10:44 EDT" name="tearDown" finished-at="2022-06-06T19:10:48 EDT" duration-ms="4169" status="PASS">
          <reporter-output>
          </reporter-output>
        </test-method> <!-- tearDown -->
      </class> <!-- parallel.ParallelBrowser.Facebook -->
      <class name="parallel.ParallelBrowser.google">
        <test-method is-config="true" signature="initialisation(java.lang.String)[pri:0, instance:parallel.ParallelBrowser.google@2f217633]" started-at="2022-06-06T19:10:56 EDT" name="initialisation" finished-at="2022-06-06T19:10:58 EDT" duration-ms="1998" status="PASS">
          <params>
            <param index="0">
              <value>
                <![CDATA[Chrome]]>
              </value>
            </param>
          </params>
          <reporter-output>
          </reporter-output>
        </test-method> <!-- initialisation -->
        <test-method signature="openGoogle()[pri:0, instance:parallel.ParallelBrowser.google@2f217633]" started-at="2022-06-06T19:10:58 EDT" name="openGoogle" finished-at="2022-06-06T19:11:00 EDT" duration-ms="1762" status="PASS">
          <reporter-output>
          </reporter-output>
        </test-method> <!-- openGoogle -->
        <test-method is-config="true" signature="tearDown()[pri:0, instance:parallel.ParallelBrowser.google@2f217633]" started-at="2022-06-06T19:11:00 EDT" name="tearDown" finished-at="2022-06-06T19:11:00 EDT" duration-ms="111" status="PASS">
          <reporter-output>
          </reporter-output>
        </test-method> <!-- tearDown -->
      </class> <!-- parallel.ParallelBrowser.google -->
    </test> <!-- Test -->
    <test started-at="2022-06-06T19:10:38 EDT" name="Test1" finished-at="2022-06-06T19:11:01 EDT" duration-ms="22515">
      <class name="parallel.ParallelBrowser.Amazon">
        <test-method is-config="true" signature="initialisation(java.lang.String)[pri:0, instance:parallel.ParallelBrowser.Amazon@1de5f259]" started-at="2022-06-06T19:10:46 EDT" name="initialisation" finished-at="2022-06-06T19:10:51 EDT" duration-ms="4388" status="PASS">
          <params>
            <param index="0">
              <value>
                <![CDATA[FireFox]]>
              </value>
            </param>
          </params>
          <reporter-output>
          </reporter-output>
        </test-method> <!-- initialisation -->
        <test-method signature="openAmazon()[pri:0, instance:parallel.ParallelBrowser.Amazon@1de5f259]" started-at="2022-06-06T19:10:51 EDT" name="openAmazon" finished-at="2022-06-06T19:10:53 EDT" duration-ms="2229" status="PASS">
          <reporter-output>
          </reporter-output>
        </test-method> <!-- openAmazon -->
        <test-method is-config="true" signature="tearDown()[pri:0, instance:parallel.ParallelBrowser.Amazon@1de5f259]" started-at="2022-06-06T19:10:53 EDT" name="tearDown" finished-at="2022-06-06T19:10:54 EDT" duration-ms="886" status="PASS">
          <reporter-output>
          </reporter-output>
        </test-method> <!-- tearDown -->
      </class> <!-- parallel.ParallelBrowser.Amazon -->
      <class name="parallel.ParallelBrowser.Facebook">
        <test-method is-config="true" signature="initialisation(java.lang.String)[pri:0, instance:parallel.ParallelBrowser.Facebook@3e11f9e9]" started-at="2022-06-06T19:10:38 EDT" name="initialisation" finished-at="2022-06-06T19:10:44 EDT" duration-ms="6221" status="PASS">
          <params>
            <param index="0">
              <value>
                <![CDATA[FireFox]]>
              </value>
            </param>
          </params>
          <reporter-output>
          </reporter-output>
        </test-method> <!-- initialisation -->
        <test-method signature="openFacebook()[pri:0, instance:parallel.ParallelBrowser.Facebook@3e11f9e9]" started-at="2022-06-06T19:10:44 EDT" name="openFacebook" finished-at="2022-06-06T19:10:46 EDT" duration-ms="1105" status="PASS">
          <reporter-output>
          </reporter-output>
        </test-method> <!-- openFacebook -->
        <test-method is-config="true" signature="tearDown()[pri:0, instance:parallel.ParallelBrowser.Facebook@3e11f9e9]" started-at="2022-06-06T19:10:46 EDT" name="tearDown" finished-at="2022-06-06T19:10:46 EDT" duration-ms="668" status="PASS">
          <reporter-output>
          </reporter-output>
        </test-method> <!-- tearDown -->
      </class> <!-- parallel.ParallelBrowser.Facebook -->
      <class name="parallel.ParallelBrowser.google">
        <test-method is-config="true" signature="initialisation(java.lang.String)[pri:0, instance:parallel.ParallelBrowser.google@729d991e]" started-at="2022-06-06T19:10:54 EDT" name="initialisation" finished-at="2022-06-06T19:10:58 EDT" duration-ms="4499" status="PASS">
          <params>
            <param index="0">
              <value>
                <![CDATA[FireFox]]>
              </value>
            </param>
          </params>
          <reporter-output>
          </reporter-output>
        </test-method> <!-- initialisation -->
        <test-method signature="openGoogle()[pri:0, instance:parallel.ParallelBrowser.google@729d991e]" started-at="2022-06-06T19:10:58 EDT" name="openGoogle" finished-at="2022-06-06T19:11:00 EDT" duration-ms="1786" status="PASS">
          <reporter-output>
          </reporter-output>
        </test-method> <!-- openGoogle -->
        <test-method is-config="true" signature="tearDown()[pri:0, instance:parallel.ParallelBrowser.google@729d991e]" started-at="2022-06-06T19:11:00 EDT" name="tearDown" finished-at="2022-06-06T19:11:01 EDT" duration-ms="701" status="PASS">
          <reporter-output>
          </reporter-output>
        </test-method> <!-- tearDown -->
      </class> <!-- parallel.ParallelBrowser.google -->
    </test> <!-- Test1 -->
  </suite> <!-- Suite -->
</testng-results>
