<?xml version="1.0" encoding="UTF-8"?>
<!-- Generated by org.testng.reporters.JUnitXMLReporter -->
<testsuite ignored="0" hostname="Brijesh" failures="0" tests="3" name="Test" time="21.655" errors="0" timestamp="2022-06-06T19:11:00 EDT">
  <testcase classname="parallel.ParallelBrowser.Facebook" name="openFacebook" time="1.005"/>
  <testcase classname="parallel.ParallelBrowser.Amazon" name="openAmazon" time="2.089"/>
  <testcase classname="parallel.ParallelBrowser.google" name="openGoogle" time="1.762"/>
</testsuite> <!-- Test -->
