<?xml version="1.0" encoding="UTF-8"?>
<testng-results ignored="0" total="0" passed="0" failed="0" skipped="0">
  <reporter-output>
  </reporter-output>
  <suite started-at="2022-04-29T09:19:34 EDT" name="Default suite" finished-at="2022-04-29T09:19:34 EDT" duration-ms="145">
    <groups>
      <group name="cucumber">
        <method signature="AbstractTestNGCucumberTests.runScenario(io.cucumber.testng.PickleWrapper,io.cucumber.testng.FeatureWrapper)[pri:0, instance:TestRunner.Test_Runner@3c7f66c4]" name="runScenario" class="io.cucumber.testng.AbstractTestNGCucumberTests"/>
      </group> <!-- cucumber -->
    </groups>
    <test started-at="2022-04-29T09:19:34 EDT" name="Default test" finished-at="2022-04-29T09:19:34 EDT" duration-ms="145">
      <class name="TestRunner.Test_Runner">
        <test-method is-config="true" signature="setUpClass()[pri:0, instance:TestRunner.Test_Runner@3c7f66c4]" started-at="2022-04-29T09:19:34 EDT" name="setUpClass" finished-at="2022-04-29T09:19:34 EDT" duration-ms="121" status="PASS">
          <reporter-output>
          </reporter-output>
        </test-method> <!-- setUpClass -->
        <test-method is-config="true" signature="tearDownClass()[pri:0, instance:TestRunner.Test_Runner@3c7f66c4]" started-at="2022-04-29T09:19:34 EDT" name="tearDownClass" finished-at="2022-04-29T09:19:34 EDT" duration-ms="4" status="PASS">
          <reporter-output>
          </reporter-output>
        </test-method> <!-- tearDownClass -->
      </class> <!-- TestRunner.Test_Runner -->
    </test> <!-- Default test -->
  </suite> <!-- Default suite -->
</testng-results>
