<?xml version="1.0" encoding="UTF-8" standalone="no"?>
<testsuite failures="0" name="cucumber.runtime.formatter.JUnitFormatter" skipped="1" tests="1" time="0">
    <testcase classname="Free Gmail Login feature" name="Free Gmail test scenario" time="0">
        <skipped><![CDATA[Given User is already on Login Page.........................................undefined
When title of login page is Gmail...........................................undefined
Then User Enter "bbtvision@gmail.com" and User click on Next................undefined
Then User Enter "Lalo@123456" and User click on Next........................undefined
Then User is on Home page...................................................undefined
]]></skipped>
    </testcase>
</testsuite>
