<?xml version="1.0" encoding="UTF-8"?>
<!-- Generated by org.testng.reporters.JUnitXMLReporter -->
<testsuite ignored="0" hostname="Brijesh" failures="0" tests="8" name="TestNGSuit" time="71.356" errors="0" timestamp="2021-12-08T21:58:44 EST">
  <testcase classname="com.crm.qa.testCases.LoginPageTest" name="VerifyPageTitleTest" time="0.012"/>
  <testcase classname="com.crm.qa.testCases.LoginPageTest" name="VerifyLogoImageTest" time="0.206"/>
  <testcase classname="com.crm.qa.testCases.LoginPageTest" name="ClickLoginButtonTest" time="1.503"/>
  <testcase classname="com.crm.qa.testCases.HomePagetest" name="VerifyUserDisplayNameTest" time="0.402"/>
  <testcase classname="com.crm.qa.testCases.HomePagetest" name="verifyPageTitileTest" time="0.011"/>
  <testcase classname="com.crm.qa.testCases.HomePagetest" name="verifylogoImageTest" time="0.417"/>
  <testcase classname="com.crm.qa.testCases.ContactsPageTest" name="verifySlectcontactTest" time="0.208"/>
  <testcase classname="com.crm.qa.testCases.ActualLoginPageTest" name="VerifyEmailAddress" time="1.185"/>
</testsuite> <!-- TestNGSuit -->
